0 info it worked if it ends with ok
1 verbose cli [ '/home/modig/.nvm/versions/node/v4.2.1/bin/node',
1 verbose cli   '/home/modig/.nvm/versions/node/v4.2.1/bin/npm',
1 verbose cli   'owner',
1 verbose cli   'ls',
1 verbose cli   'ProjectX' ]
2 info using npm@3.3.9
3 info using node@v4.2.1
4 silly mapToRegistry name ProjectX
5 silly mapToRegistry using default registry
6 silly mapToRegistry registry https://registry.npmjs.org/
7 silly mapToRegistry uri https://registry.npmjs.org/ProjectX
8 verbose request uri https://registry.npmjs.org/ProjectX
9 verbose request no auth needed
10 info attempt registry request try #1 at 11:10:00 AM
11 verbose request id c7137a944b7060f2
12 http request GET https://registry.npmjs.org/ProjectX
13 http 404 https://registry.npmjs.org/ProjectX
14 verbose headers { 'content-type': 'application/json',
14 verbose headers   'cache-control': 'max-age=0',
14 verbose headers   'content-length': '2',
14 verbose headers   'accept-ranges': 'bytes',
14 verbose headers   date: 'Mon, 18 Jan 2016 10:10:00 GMT',
14 verbose headers   via: '1.1 varnish',
14 verbose headers   age: '0',
14 verbose headers   connection: 'keep-alive',
14 verbose headers   'x-served-by': 'cache-fra1242-FRA',
14 verbose headers   'x-cache': 'MISS',
14 verbose headers   'x-cache-hits': '0',
14 verbose headers   'x-timer': 'S1453111800.594348,VS0,VE182' }
15 silly get cb [ 404,
15 silly get   { 'content-type': 'application/json',
15 silly get     'cache-control': 'max-age=0',
15 silly get     'content-length': '2',
15 silly get     'accept-ranges': 'bytes',
15 silly get     date: 'Mon, 18 Jan 2016 10:10:00 GMT',
15 silly get     via: '1.1 varnish',
15 silly get     age: '0',
15 silly get     connection: 'keep-alive',
15 silly get     'x-served-by': 'cache-fra1242-FRA',
15 silly get     'x-cache': 'MISS',
15 silly get     'x-cache-hits': '0',
15 silly get     'x-timer': 'S1453111800.594348,VS0,VE182' } ]
16 error owner ls Couldn't get owner data ProjectX
17 verbose stack Error: Registry returned 404 for GET on https://registry.npmjs.org/ProjectX
17 verbose stack     at makeError (/home/modig/.nvm/versions/node/v4.2.1/lib/node_modules/npm/node_modules/npm-registry-client/lib/request.js:264:12)
17 verbose stack     at CachingRegistryClient.<anonymous> (/home/modig/.nvm/versions/node/v4.2.1/lib/node_modules/npm/node_modules/npm-registry-client/lib/request.js:242:14)
17 verbose stack     at Request._callback (/home/modig/.nvm/versions/node/v4.2.1/lib/node_modules/npm/node_modules/npm-registry-client/lib/request.js:172:14)
17 verbose stack     at Request.self.callback (/home/modig/.nvm/versions/node/v4.2.1/lib/node_modules/npm/node_modules/request/request.js:198:22)
17 verbose stack     at emitTwo (events.js:87:13)
17 verbose stack     at Request.emit (events.js:172:7)
17 verbose stack     at Request.<anonymous> (/home/modig/.nvm/versions/node/v4.2.1/lib/node_modules/npm/node_modules/request/request.js:1082:10)
17 verbose stack     at emitOne (events.js:82:20)
17 verbose stack     at Request.emit (events.js:169:7)
17 verbose stack     at IncomingMessage.<anonymous> (/home/modig/.nvm/versions/node/v4.2.1/lib/node_modules/npm/node_modules/request/request.js:1009:12)
18 verbose statusCode 404
19 verbose pkgid ProjectX
20 verbose cwd /home/modig/Documents/www/dance/projectx
21 error Linux 3.19.0-31-generic
22 error argv "/home/modig/.nvm/versions/node/v4.2.1/bin/node" "/home/modig/.nvm/versions/node/v4.2.1/bin/npm" "owner" "ls" "ProjectX"
23 error node v4.2.1
24 error npm  v3.3.9
25 error code E404
26 error 404 Registry returned 404 for GET on https://registry.npmjs.org/ProjectX
26 error 404
26 error 404 'ProjectX' is not in the npm registry.
26 error 404 Your package name is not valid, because
26 error 404
26 error 404  1. name can no longer contain capital letters
26 error 404
26 error 404 Note that you can also install from a
26 error 404 tarball, folder, http url, or git url.
27 verbose exit [ 1, true ]
